[pid=15004] - [2026-02-01 12:27:39,890] - [core.database.database] - [INFO] - [Connected to MongoDB]
[pid=15244] - [2026-02-01 12:27:57,988] - [core.database.database] - [INFO] - [Connected to MongoDB]
[pid=15244] - [2026-02-01 12:27:58,342] - [core.controller.user_controller] - [INFO] - [User registered: test@example.com]
[pid=15244] - [2026-02-01 12:27:58,712] - [core.controller.user_controller] - [INFO] - [OTP for test@example.com: 222017]
[pid=15244] - [2026-02-01 12:27:59,299] - [core.database.database] - [INFO] - [Closed MongoDB connection]
[pid=15512] - [2026-02-01 12:33:03,068] - [core.database.database] - [INFO] - [Connected to MongoDB]
[pid=3316] - [2026-02-01 12:44:00,057] - [core.database.database] - [INFO] - [Connected to MongoDB]
[pid=11308] - [2026-02-01 14:12:40,778] - [core.database.database] - [INFO] - [Connected to MongoDB]
[pid=2452] - [2026-02-01 14:30:32,348] - [core.database.database] - [INFO] - [Connected to MongoDB]
[pid=11308] - [2026-02-01 14:31:40,642] - [core.database.database] - [INFO] - [Closed MongoDB connection]
[pid=428] - [2026-02-01 14:31:48,231] - [core.database.database] - [INFO] - [Connected to MongoDB]
[pid=2452] - [2026-02-01 14:31:48,622] - [core.database.database] - [INFO] - [Closed MongoDB connection]
[pid=13956] - [2026-02-01 14:31:57,075] - [core.database.database] - [INFO] - [Connected to MongoDB]
[pid=12704] - [2026-02-01 14:40:38,629] - [core.database.database] - [INFO] - [Connected to MongoDB]
[pid=12704] - [2026-02-01 14:41:04,726] - [core.database.database] - [INFO] - [Closed MongoDB connection]
[pid=428] - [2026-02-01 14:41:05,293] - [core.database.database] - [INFO] - [Closed MongoDB connection]
[pid=13440] - [2026-02-01 14:41:10,640] - [core.database.database] - [INFO] - [Connected to MongoDB]
[pid=11508] - [2026-02-01 14:41:17,001] - [core.database.database] - [INFO] - [Connected to MongoDB]
[pid=11508] - [2026-02-01 14:41:26,393] - [core.controller.user_controller] - [INFO] - [User registered: testuser_1769937084.02506@example.com]
[pid=13956] - [2026-02-01 14:41:54,780] - [core.database.database] - [INFO] - [Closed MongoDB connection]
[pid=13440] - [2026-02-01 14:42:23,983] - [core.database.database] - [INFO] - [Closed MongoDB connection]
[pid=11508] - [2026-02-01 14:42:24,593] - [core.database.database] - [INFO] - [Closed MongoDB connection]
[pid=13472] - [2026-02-01 14:42:29,341] - [core.database.database] - [INFO] - [Connected to MongoDB]
[pid=252] - [2026-02-01 14:42:29,635] - [core.database.database] - [INFO] - [Connected to MongoDB]
[pid=13472] - [2026-02-01 14:42:35,025] - [core.database.database] - [INFO] - [Closed MongoDB connection]
[pid=252] - [2026-02-01 14:42:35,057] - [core.database.database] - [INFO] - [Closed MongoDB connection]
[pid=11828] - [2026-02-01 14:42:39,567] - [core.database.database] - [INFO] - [Connected to MongoDB]
[pid=4576] - [2026-02-01 14:42:39,657] - [core.database.database] - [INFO] - [Connected to MongoDB]
[pid=11828] - [2026-02-01 14:43:02,385] - [core.controller.user_controller] - [INFO] - [User registered: testuser_1769937180.117892@example.com]
[pid=4576] - [2026-02-01 14:43:20,867] - [core.database.database] - [INFO] - [Closed MongoDB connection]
[pid=11828] - [2026-02-01 14:43:21,028] - [core.database.database] - [INFO] - [Closed MongoDB connection]
[pid=11080] - [2026-02-01 14:43:25,004] - [core.database.database] - [INFO] - [Connected to MongoDB]
[pid=3536] - [2026-02-01 14:43:25,156] - [core.database.database] - [INFO] - [Connected to MongoDB]
[pid=3536] - [2026-02-01 14:43:34,035] - [core.controller.user_controller] - [INFO] - [User registered: testuser_1769937212.039765@example.com]
[pid=11080] - [2026-02-01 14:44:13,668] - [core.database.database] - [INFO] - [Closed MongoDB connection]
[pid=3536] - [2026-02-01 14:44:13,802] - [core.database.database] - [INFO] - [Closed MongoDB connection]
[pid=3196] - [2026-02-01 14:44:18,165] - [core.database.database] - [INFO] - [Connected to MongoDB]
[pid=1112] - [2026-02-01 14:44:18,362] - [core.database.database] - [INFO] - [Connected to MongoDB]
[pid=1112] - [2026-02-01 14:44:36,140] - [core.database.database] - [INFO] - [Closed MongoDB connection]
[pid=3196] - [2026-02-01 14:44:36,261] - [core.database.database] - [INFO] - [Closed MongoDB connection]
[pid=7348] - [2026-02-01 14:44:45,647] - [core.database.database] - [INFO] - [Connected to MongoDB]
[pid=14548] - [2026-02-01 14:44:45,810] - [core.database.database] - [INFO] - [Connected to MongoDB]
[pid=14548] - [2026-02-01 14:44:55,154] - [core.controller.user_controller] - [INFO] - [User registered: testuser_1769937291.483739@example.com]
[pid=7348] - [2026-02-01 14:45:25,753] - [core.database.database] - [INFO] - [Closed MongoDB connection]
[pid=14548] - [2026-02-01 14:45:26,834] - [core.database.database] - [INFO] - [Closed MongoDB connection]
[pid=7328] - [2026-02-01 14:45:33,917] - [core.database.database] - [INFO] - [Connected to MongoDB]
[pid=4264] - [2026-02-01 14:45:34,680] - [core.database.database] - [INFO] - [Connected to MongoDB]
[pid=7328] - [2026-02-01 14:45:42,409] - [core.database.database] - [INFO] - [Closed MongoDB connection]
[pid=4264] - [2026-02-01 14:45:42,798] - [core.database.database] - [INFO] - [Closed MongoDB connection]
[pid=14092] - [2026-02-01 14:45:46,811] - [core.database.database] - [INFO] - [Connected to MongoDB]
[pid=4156] - [2026-02-01 14:45:47,521] - [core.database.database] - [INFO] - [Connected to MongoDB]
[pid=14092] - [2026-02-01 14:45:58,220] - [core.database.database] - [INFO] - [Closed MongoDB connection]
[pid=4156] - [2026-02-01 14:45:58,686] - [core.database.database] - [INFO] - [Closed MongoDB connection]
[pid=7248] - [2026-02-01 14:46:02,465] - [core.database.database] - [INFO] - [Connected to MongoDB]
[pid=14916] - [2026-02-01 14:46:03,113] - [core.database.database] - [INFO] - [Connected to MongoDB]
[pid=14916] - [2026-02-01 14:46:26,572] - [core.controller.user_controller] - [INFO] - [User registered: testuser_1769937384.349803@example.com]
[pid=14916] - [2026-02-01 14:46:27,229] - [core.controller.theater_controller] - [INFO] - [Theater created: Test Theater]
[pid=14916] - [2026-02-01 14:46:58,850] - [core.database.database] - [INFO] - [Closed MongoDB connection]
[pid=7248] - [2026-02-01 14:46:59,253] - [core.database.database] - [INFO] - [Closed MongoDB connection]
[pid=1100] - [2026-02-01 14:47:05,189] - [core.database.database] - [INFO] - [Connected to MongoDB]
[pid=3904] - [2026-02-01 14:47:05,232] - [core.database.database] - [INFO] - [Connected to MongoDB]
[pid=1100] - [2026-02-01 14:47:16,871] - [core.controller.user_controller] - [INFO] - [User registered: testuser_1769937434.589451@example.com]
[pid=1100] - [2026-02-01 14:47:17,536] - [core.controller.theater_controller] - [INFO] - [Theater created: Test Theater]
[pid=3904] - [2026-02-01 14:47:31,955] - [core.database.database] - [INFO] - [Closed MongoDB connection]
[pid=1100] - [2026-02-01 14:47:32,172] - [core.database.database] - [INFO] - [Closed MongoDB connection]
[pid=6704] - [2026-02-01 14:47:36,553] - [core.database.database] - [INFO] - [Connected to MongoDB]
[pid=5880] - [2026-02-01 14:47:36,580] - [core.database.database] - [INFO] - [Connected to MongoDB]
[pid=5880] - [2026-02-01 14:47:45,553] - [core.controller.user_controller] - [INFO] - [User registered: testuser_1769937462.593009@example.com]
[pid=5880] - [2026-02-01 14:47:46,054] - [core.controller.theater_controller] - [INFO] - [Theater created: Test Theater]
[pid=5880] - [2026-02-01 14:52:07,072] - [core.database.database] - [INFO] - [Closed MongoDB connection]
[pid=8572] - [2026-02-01 14:52:17,593] - [core.database.database] - [INFO] - [Connected to MongoDB]
[pid=8572] - [2026-02-01 15:06:31,164] - [core.controller.user_controller] - [INFO] - [User registered: yash.pagade@gmail.com]
[pid=6704] - [2026-02-01 15:23:14,278] - [core.database.database] - [INFO] - [Closed MongoDB connection]
[pid=8572] - [2026-02-01 15:24:26,785] - [core.database.database] - [INFO] - [Closed MongoDB connection]
[pid=15052] - [2026-02-01 15:35:54,854] - [core.database.database] - [INFO] - [Connected to MongoDB]
[pid=4312] - [2026-02-01 15:35:55,742] - [core.database.database] - [INFO] - [Connected to MongoDB]
[pid=4312] - [2026-02-01 15:35:56,586] - [core.database.database] - [INFO] - [Closed MongoDB connection]
[pid=15536] - [2026-02-01 15:36:30,844] - [core.database.database] - [INFO] - [Connected to MongoDB]
[pid=15052] - [2026-02-01 15:36:54,943] - [core.controller.user_controller] - [INFO] - [User registered: testuser_1769940413@example.com]
[pid=15052] - [2026-02-01 15:36:56,213] - [core.controller.user_controller] - [INFO] - [OTP for testuser_1769940413@example.com: 271816]
[pid=15052] - [2026-02-01 15:38:50,481] - [core.controller.user_controller] - [INFO] - [User registered: testuser_1769940528@example.com]
[pid=15052] - [2026-02-01 15:38:50,850] - [core.controller.user_controller] - [INFO] - [OTP for testuser_1769940528@example.com: 369843]
[pid=15052] - [2026-02-01 15:40:16,104] - [core.database.database] - [INFO] - [Closed MongoDB connection]
[pid=10600] - [2026-02-01 15:42:06,089] - [core.database.database] - [INFO] - [Connected to MongoDB]
[pid=10600] - [2026-02-01 15:49:35,416] - [core.database.database] - [INFO] - [Closed MongoDB connection]
[pid=15536] - [2026-02-01 15:49:37,441] - [core.database.database] - [INFO] - [Closed MongoDB connection]
[pid=14588] - [2026-02-01 15:49:45,413] - [core.database.database] - [INFO] - [Connected to MongoDB]
[pid=11020] - [2026-02-01 15:49:45,441] - [core.database.database] - [INFO] - [Connected to MongoDB]
[pid=13288] - [2026-02-01 15:49:46,382] - [core.database.database] - [INFO] - [Connected to MongoDB]
[pid=14588] - [2026-02-01 15:53:08,645] - [core.controller.user_controller] - [INFO] - [User registered: rahul.sharma@gmail.com]
[pid=14588] - [2026-02-01 15:58:36,697] - [core.controller.user_controller] - [INFO] - [OTP for rahul.sharma@gmail.com: 509759]
[pid=13288] - [2026-02-01 16:08:32,794] - [core.database.database] - [INFO] - [Closed MongoDB connection]
[pid=12472] - [2026-02-01 16:08:32,820] - [core.database.database] - [INFO] - [Closed MongoDB connection]
